{"type":"log","source":"Webserver","date":"2023-10-25T14:42:39.380Z","log_message":"Incoming request:  GET /about"}
{"type":"log","source":"Webserver","date":"2023-10-25T15:04:18.969Z","log_message":"Incoming request:  GET /thiscoolpage"}
{"type":"log","source":"Webserver","date":"2023-10-25T15:04:18.974Z","log_message":"Outgoing response: 404 Not Found! This does *not* rock."}
{"type":"log","source":"Webserver","date":"2023-10-25T15:13:07.440Z","log_message":"Incoming request:  GET /login"}
{"type":"log","source":"Webserver","date":"2023-10-25T15:13:33.508Z","log_message":"Incoming request:  POST /login"}
{"type":"log","source":"Webserver","date":"2023-10-25T15:13:33.631Z","log_message":"Incoming request:  GET /about"}
{"type":"log","source":"Webserver","date":"2023-10-25T15:14:43.168Z","log_message":"Incoming request:  GET /testing"}
{"type":"log","source":"Webserver","date":"2023-10-25T15:14:43.169Z","log_message":"Outgoing response: 404 Not Found! This does *not* rock."}
{"type":"log","source":"Webserver","date":"2023-10-25T15:18:20.679Z","log_message":"Incoming request:  GET /register"}
{"type":"log","source":"Webserver","date":"2023-10-25T15:18:38.084Z","log_message":"Incoming request:  POST /register"}
{"type":"log","source":"Webserver","date":"2023-10-25T15:18:38.258Z","log_message":"Incoming request:  GET /account"}
{"type":"log","source":"Webserver","date":"2023-10-26T20:17:58.046Z","log_message":"Incoming request:  GET /"}
{"type":"log","source":"Webserver","date":"2023-10-26T20:18:01.518Z","log_message":"Incoming request:  GET /about"}
{"type":"log","source":"Webserver","date":"2023-10-26T20:18:03.119Z","log_message":"Incoming request:  GET /login"}
{"type":"log","source":"Webserver","date":"2023-10-26T20:18:04.540Z","log_message":"Incoming request:  GET /register"}
{"type":"log","source":"Webserver","date":"2023-10-26T20:18:22.300Z","log_message":"Incoming request:  POST /register"}
{"type":"log","source":"Webserver","date":"2023-10-26T20:18:22.481Z","log_message":"Incoming request:  GET /account"}
{"type":"log","source":"Webserver","date":"2023-10-26T20:18:46.359Z","log_message":"Incoming request:  GET /register"}
{"type":"log","source":"Webserver","date":"2023-10-26T20:23:06.425Z","log_message":"Incoming request:  GET /test"}
{"type":"log","source":"Webserver","date":"2023-10-26T20:24:01.299Z","log_message":"Incoming request:  GET /test"}
{"type":"log","source":"Webserver","date":"2023-10-26T20:24:01.325Z","log_message":"Incoming request:  GET /node_modules/bootstrap/dist/css/bootstrap.css"}
{"type":"log","source":"Webserver","date":"2023-10-26T20:26:13.530Z","log_message":"Incoming request:  GET /test"}
{"type":"log","source":"Webserver","date":"2023-10-26T20:26:13.559Z","log_message":"Incoming request:  GET /node_modules/bootstrap/dist/css/bootstrap.css"}
{"type":"log","source":"Webserver","date":"2023-10-26T20:26:21.239Z","log_message":"Incoming request:  GET /forumPost1.html"}
{"type":"log","source":"Webserver","date":"2023-10-26T20:26:21.241Z","log_message":"Outgoing response: 404 Not Found! This does *not* rock."}
{"type":"log","source":"Webserver","date":"2023-10-26T20:26:34.761Z","log_message":"Incoming request:  GET /forumPost1.html"}
{"type":"log","source":"Webserver","date":"2023-10-26T20:26:34.762Z","log_message":"Outgoing response: 404 Not Found! This does *not* rock."}
{"type":"log","source":"Webserver","date":"2023-10-26T20:26:57.871Z","log_message":"Incoming request:  GET /forumPost1.html"}
{"type":"log","source":"Webserver","date":"2023-10-26T20:26:57.872Z","log_message":"Outgoing response: 404 Not Found! This does *not* rock."}
{"type":"log","source":"Webserver","date":"2023-10-26T20:27:13.056Z","log_message":"Incoming request:  GET /forumPost1.html"}
{"type":"log","source":"Webserver","date":"2023-10-26T20:27:13.056Z","log_message":"Outgoing response: 404 Not Found! This does *not* rock."}
{"type":"log","source":"Webserver","date":"2023-10-26T20:27:26.167Z","log_message":"Incoming request:  GET /test"}
{"type":"log","source":"Webserver","date":"2023-10-26T20:27:26.191Z","log_message":"Incoming request:  GET /node_modules/bootstrap/dist/css/bootstrap.css"}
{"type":"log","source":"Webserver","date":"2023-10-26T20:27:29.081Z","log_message":"Incoming request:  GET /"}
{"type":"log","source":"Webserver","date":"2023-10-26T20:27:30.450Z","log_message":"Incoming request:  GET /about"}
{"type":"log","source":"Webserver","date":"2023-10-26T20:27:31.152Z","log_message":"Incoming request:  GET /login"}
{"type":"log","source":"Webserver","date":"2023-10-26T20:27:31.806Z","log_message":"Incoming request:  GET /register"}
{"type":"log","source":"Webserver","date":"2023-10-26T20:27:35.761Z","log_message":"Incoming request:  GET /test"}
{"type":"log","source":"Webserver","date":"2023-10-26T20:27:35.805Z","log_message":"Incoming request:  GET /node_modules/bootstrap/dist/css/bootstrap.css"}
{"type":"log","source":"Webserver","date":"2023-10-26T20:28:11.770Z","log_message":"Incoming request:  GET /"}
{"type":"log","source":"Webserver","date":"2023-10-26T20:28:32.368Z","log_message":"Incoming request:  GET /about"}
{"type":"log","source":"Webserver","date":"2023-10-26T20:28:32.945Z","log_message":"Incoming request:  GET /login"}
{"type":"log","source":"Webserver","date":"2023-10-26T20:28:33.715Z","log_message":"Incoming request:  GET /register"}
{"type":"log","source":"Webserver","date":"2023-10-26T20:28:37.767Z","log_message":"Incoming request:  GET /forumPost1"}
{"type":"log","source":"Webserver","date":"2023-10-26T20:28:37.802Z","log_message":"Incoming request:  GET /node_modules/bootstrap/dist/css/bootstrap.css"}
{"type":"log","source":"Webserver","date":"2023-10-26T20:30:52.194Z","log_message":"Incoming request:  GET /node_modules/bootstrap/dist/css/bootstrap.css"}
{"type":"log","source":"Webserver","date":"2023-10-26T20:31:09.351Z","log_message":"Incoming request:  GET /index.html"}
{"type":"log","source":"Webserver","date":"2023-10-26T20:31:09.352Z","log_message":"Outgoing response: 404 Not Found! This does *not* rock."}
{"type":"log","source":"Webserver","date":"2023-10-26T20:31:12.372Z","log_message":"Incoming request:  GET /index.html"}
{"type":"log","source":"Webserver","date":"2023-10-26T20:31:12.373Z","log_message":"Outgoing response: 404 Not Found! This does *not* rock."}
{"type":"log","source":"Webserver","date":"2023-10-26T20:31:48.689Z","log_message":"Incoming request:  GET /about"}
{"type":"log","source":"Webserver","date":"2023-10-26T20:31:49.785Z","log_message":"Incoming request:  GET /login"}
{"type":"log","source":"Webserver","date":"2023-10-26T20:31:50.565Z","log_message":"Incoming request:  GET /register"}
{"type":"log","source":"Webserver","date":"2023-10-26T20:45:38.878Z","log_message":"Incoming request:  GET /about"}
{"type":"log","source":"Webserver","date":"2023-10-26T20:45:40.600Z","log_message":"Incoming request:  GET /login"}
{"type":"log","source":"Webserver","date":"2023-10-26T20:45:41.757Z","log_message":"Incoming request:  GET /register"}
{"type":"log","source":"Webserver","date":"2023-10-26T20:45:43.759Z","log_message":"Incoming request:  GET /about"}
{"type":"log","source":"Webserver","date":"2023-10-26T20:45:45.109Z","log_message":"Incoming request:  GET /"}
{"type":"log","source":"Webserver","date":"2023-10-26T20:55:55.110Z","log_message":"Incoming request:  GET /"}
{"type":"log","source":"Webserver","date":"2023-10-26T20:56:00.455Z","log_message":"Incoming request:  GET /account"}
{"type":"log","source":"Webserver","date":"2023-10-26T20:56:29.870Z","log_message":"Incoming request:  GET /about"}
{"type":"log","source":"Webserver","date":"2023-10-26T20:56:58.312Z","log_message":"Incoming request:  GET /account"}
